{"C:\\ESE\\ese-django-todo-react\\moz-todo-react\\src\\components\\Home.jsx": {"path":"C:\\ESE\\ese-django-todo-react\\moz-todo-react\\src\\components\\Home.jsx","statementMap":{"0":{"start":{"line":8,"column":31},"end":{"line":8,"column":null}},"1":{"start":{"line":10,"column":2},"end":{"line":26,"column":null}}},"fnMap":{"0":{"name":"Home","decl":{"start":{"line":7,"column":24},"end":{"line":7,"column":31}},"loc":{"start":{"line":7,"column":31},"end":{"line":28,"column":null}},"line":7}},"branchMap":{"0":{"loc":{"start":{"line":14,"column":9},"end":{"line":23,"column":null}},"type":"cond-expr","locations":[{"start":{"line":15,"column":10},"end":{"line":18,"column":null}},{"start":{"line":20,"column":10},"end":{"line":23,"column":null}}],"line":14}},"s":{"0":1,"1":1},"f":{"0":1},"b":{"0":[0,1]},"meta":{"lastBranch":1,"lastFunction":1,"lastStatement":2,"seen":{"f:7:24:7:31":0,"s:8:31:8:Infinity":0,"s:10:2:26:Infinity":1,"b:15:10:18:Infinity:20:10:23:Infinity":0}}}
}
